Added Component: Designator=C1(CAPC160X80X90L30N)
Add component. Clean all parameters for all variants
Add component (AddParameter): Name = "Dielectric"; Value = ""; VariantName = "[No Variations]"
Add component (AddParameter): Name = "Manufacturer"; Value = ""; VariantName = "[No Variations]"
Add component (AddParameter): Name = "Package"; Value = "0603"; VariantName = "[No Variations]"
Add component (AddParameter): Name = "PartNumber"; Value = ""; VariantName = "[No Variations]"
Add component (AddParameter): Name = "Tolerance"; Value = "5 %"; VariantName = "[No Variations]"
Add component (AddParameter): Name = "Value"; Value = "4.7 uF"; VariantName = "[No Variations]"
Add component (AddParameter): Name = "VDC"; Value = "20 V"; VariantName = "[No Variations]"
Added Component: Designator=C2(CAPC160X80X90L30N)
Add component. Clean all parameters for all variants
Add component (AddParameter): Name = "Dielectric"; Value = ""; VariantName = "[No Variations]"
Add component (AddParameter): Name = "Manufacturer"; Value = ""; VariantName = "[No Variations]"
Add component (AddParameter): Name = "Package"; Value = "0402"; VariantName = "[No Variations]"
Add component (AddParameter): Name = "PartNumber"; Value = ""; VariantName = "[No Variations]"
Add component (AddParameter): Name = "Tolerance"; Value = "5 %"; VariantName = "[No Variations]"
Add component (AddParameter): Name = "Value"; Value = "4.7 uF"; VariantName = "[No Variations]"
Add component (AddParameter): Name = "VDC"; Value = "20 V"; VariantName = "[No Variations]"
Added Component: Designator=C3(CAPC100X50X55L20N)
Add component. Clean all parameters for all variants
Add component (AddParameter): Name = "Dielectric"; Value = ""; VariantName = "[No Variations]"
Add component (AddParameter): Name = "Manufacturer"; Value = ""; VariantName = "[No Variations]"
Add component (AddParameter): Name = "Package"; Value = "0402"; VariantName = "[No Variations]"
Add component (AddParameter): Name = "PartNumber"; Value = ""; VariantName = "[No Variations]"
Add component (AddParameter): Name = "Tolerance"; Value = "5 %"; VariantName = "[No Variations]"
Add component (AddParameter): Name = "Value"; Value = "0.01 nF"; VariantName = "[No Variations]"
Add component (AddParameter): Name = "VDC"; Value = "20 V"; VariantName = "[No Variations]"
Added Component: Designator=C4(CAPC100X50X55L20N)
Add component. Clean all parameters for all variants
Add component (AddParameter): Name = "Dielectric"; Value = ""; VariantName = "[No Variations]"
Add component (AddParameter): Name = "Manufacturer"; Value = ""; VariantName = "[No Variations]"
Add component (AddParameter): Name = "Package"; Value = "0402"; VariantName = "[No Variations]"
Add component (AddParameter): Name = "PartNumber"; Value = ""; VariantName = "[No Variations]"
Add component (AddParameter): Name = "Tolerance"; Value = "5 %"; VariantName = "[No Variations]"
Add component (AddParameter): Name = "Value"; Value = "0.01 nF"; VariantName = "[No Variations]"
Add component (AddParameter): Name = "VDC"; Value = "20 V"; VariantName = "[No Variations]"
Added Component: Designator=C5(CAPC100X50X55L20N)
Add component. Clean all parameters for all variants
Add component (AddParameter): Name = "Dielectric"; Value = ""; VariantName = "[No Variations]"
Add component (AddParameter): Name = "Manufacturer"; Value = ""; VariantName = "[No Variations]"
Add component (AddParameter): Name = "Package"; Value = "0402"; VariantName = "[No Variations]"
Add component (AddParameter): Name = "PartNumber"; Value = ""; VariantName = "[No Variations]"
Add component (AddParameter): Name = "Tolerance"; Value = "5 %"; VariantName = "[No Variations]"
Add component (AddParameter): Name = "Value"; Value = "100 pF"; VariantName = "[No Variations]"
Add component (AddParameter): Name = "VDC"; Value = "20 V"; VariantName = "[No Variations]"
Added Component: Designator=C6(CAPC100X50X55L20N)
Add component. Clean all parameters for all variants
Add component (AddParameter): Name = "Dielectric"; Value = ""; VariantName = "[No Variations]"
Add component (AddParameter): Name = "Manufacturer"; Value = ""; VariantName = "[No Variations]"
Add component (AddParameter): Name = "Package"; Value = "0402"; VariantName = "[No Variations]"
Add component (AddParameter): Name = "PartNumber"; Value = ""; VariantName = "[No Variations]"
Add component (AddParameter): Name = "Tolerance"; Value = "5 %"; VariantName = "[No Variations]"
Add component (AddParameter): Name = "Value"; Value = "100 pF"; VariantName = "[No Variations]"
Add component (AddParameter): Name = "VDC"; Value = "20 V"; VariantName = "[No Variations]"
Added Component: Designator=C7(CAPC100X50X55L20N)
Add component. Clean all parameters for all variants
Add component (AddParameter): Name = "Dielectric"; Value = ""; VariantName = "[No Variations]"
Add component (AddParameter): Name = "Manufacturer"; Value = ""; VariantName = "[No Variations]"
Add component (AddParameter): Name = "Package"; Value = "0402"; VariantName = "[No Variations]"
Add component (AddParameter): Name = "PartNumber"; Value = ""; VariantName = "[No Variations]"
Add component (AddParameter): Name = "Tolerance"; Value = "5 %"; VariantName = "[No Variations]"
Add component (AddParameter): Name = "Value"; Value = "100 pF"; VariantName = "[No Variations]"
Add component (AddParameter): Name = "VDC"; Value = "20 V"; VariantName = "[No Variations]"
Added Component: Designator=C8(CAPC100X50X55L20N)
Add component. Clean all parameters for all variants
Add component (AddParameter): Name = "Dielectric"; Value = ""; VariantName = "[No Variations]"
Add component (AddParameter): Name = "Manufacturer"; Value = ""; VariantName = "[No Variations]"
Add component (AddParameter): Name = "Package"; Value = "0402"; VariantName = "[No Variations]"
Add component (AddParameter): Name = "PartNumber"; Value = ""; VariantName = "[No Variations]"
Add component (AddParameter): Name = "Tolerance"; Value = "5 %"; VariantName = "[No Variations]"
Add component (AddParameter): Name = "Value"; Value = "100 pF"; VariantName = "[No Variations]"
Add component (AddParameter): Name = "VDC"; Value = "20 V"; VariantName = "[No Variations]"
Added Component: Designator=C9(CAPC100X50X55L20N)
Add component. Clean all parameters for all variants
Add component (AddParameter): Name = "Dielectric"; Value = ""; VariantName = "[No Variations]"
Add component (AddParameter): Name = "Manufacturer"; Value = ""; VariantName = "[No Variations]"
Add component (AddParameter): Name = "Package"; Value = "0402"; VariantName = "[No Variations]"
Add component (AddParameter): Name = "PartNumber"; Value = ""; VariantName = "[No Variations]"
Add component (AddParameter): Name = "Tolerance"; Value = "5 %"; VariantName = "[No Variations]"
Add component (AddParameter): Name = "Value"; Value = "2.2 uF"; VariantName = "[No Variations]"
Add component (AddParameter): Name = "VDC"; Value = "20 V"; VariantName = "[No Variations]"
Added Component: Designator=C10(CAPC100X50X55L20N)
Add component. Clean all parameters for all variants
Add component (AddParameter): Name = "Dielectric"; Value = ""; VariantName = "[No Variations]"
Add component (AddParameter): Name = "Manufacturer"; Value = ""; VariantName = "[No Variations]"
Add component (AddParameter): Name = "Package"; Value = "0402"; VariantName = "[No Variations]"
Add component (AddParameter): Name = "PartNumber"; Value = ""; VariantName = "[No Variations]"
Add component (AddParameter): Name = "Tolerance"; Value = "5 %"; VariantName = "[No Variations]"
Add component (AddParameter): Name = "Value"; Value = "1000 pF"; VariantName = "[No Variations]"
Add component (AddParameter): Name = "VDC"; Value = "20 V"; VariantName = "[No Variations]"
Added Component: Designator=C11(CAPC100X50X55L20N)
Add component. Clean all parameters for all variants
Add component (AddParameter): Name = "Dielectric"; Value = ""; VariantName = "[No Variations]"
Add component (AddParameter): Name = "Manufacturer"; Value = ""; VariantName = "[No Variations]"
Add component (AddParameter): Name = "Package"; Value = "0402"; VariantName = "[No Variations]"
Add component (AddParameter): Name = "PartNumber"; Value = ""; VariantName = "[No Variations]"
Add component (AddParameter): Name = "Tolerance"; Value = "5 %"; VariantName = "[No Variations]"
Add component (AddParameter): Name = "Value"; Value = "100 pF"; VariantName = "[No Variations]"
Add component (AddParameter): Name = "VDC"; Value = "20 V"; VariantName = "[No Variations]"
Added Component: Designator=C12(CAPC100X50X55L20N)
Add component. Clean all parameters for all variants
Add component (AddParameter): Name = "Dielectric"; Value = ""; VariantName = "[No Variations]"
Add component (AddParameter): Name = "Manufacturer"; Value = ""; VariantName = "[No Variations]"
Add component (AddParameter): Name = "Package"; Value = "0402"; VariantName = "[No Variations]"
Add component (AddParameter): Name = "PartNumber"; Value = ""; VariantName = "[No Variations]"
Add component (AddParameter): Name = "Tolerance"; Value = "5 %"; VariantName = "[No Variations]"
Add component (AddParameter): Name = "Value"; Value = "1000 pF"; VariantName = "[No Variations]"
Add component (AddParameter): Name = "VDC"; Value = "20 V"; VariantName = "[No Variations]"
Added Component: Designator=C13(CAPC160X80X90L30N)
Add component. Clean all parameters for all variants
Add component (AddParameter): Name = "Dielectric"; Value = ""; VariantName = "[No Variations]"
Add component (AddParameter): Name = "Manufacturer"; Value = ""; VariantName = "[No Variations]"
Add component (AddParameter): Name = "Package"; Value = "0603"; VariantName = "[No Variations]"
Add component (AddParameter): Name = "PartNumber"; Value = ""; VariantName = "[No Variations]"
Add component (AddParameter): Name = "Tolerance"; Value = "5 %"; VariantName = "[No Variations]"
Add component (AddParameter): Name = "Value"; Value = "2.2 uF"; VariantName = "[No Variations]"
Add component (AddParameter): Name = "VDC"; Value = "20 V"; VariantName = "[No Variations]"
Added Component: Designator=C14(CAPC100X50X55L20N)
Add component. Clean all parameters for all variants
Add component (AddParameter): Name = "Dielectric"; Value = ""; VariantName = "[No Variations]"
Add component (AddParameter): Name = "Manufacturer"; Value = ""; VariantName = "[No Variations]"
Add component (AddParameter): Name = "Package"; Value = "0402"; VariantName = "[No Variations]"
Add component (AddParameter): Name = "PartNumber"; Value = ""; VariantName = "[No Variations]"
Add component (AddParameter): Name = "Tolerance"; Value = "5 %"; VariantName = "[No Variations]"
Add component (AddParameter): Name = "Value"; Value = "100 pF"; VariantName = "[No Variations]"
Add component (AddParameter): Name = "VDC"; Value = "20 V"; VariantName = "[No Variations]"
Added Component: Designator=C15(CAPC100X50X55L20N)
Add component. Clean all parameters for all variants
Add component (AddParameter): Name = "Dielectric"; Value = ""; VariantName = "[No Variations]"
Add component (AddParameter): Name = "Manufacturer"; Value = ""; VariantName = "[No Variations]"
Add component (AddParameter): Name = "Package"; Value = "0402"; VariantName = "[No Variations]"
Add component (AddParameter): Name = "PartNumber"; Value = ""; VariantName = "[No Variations]"
Add component (AddParameter): Name = "Tolerance"; Value = "5 %"; VariantName = "[No Variations]"
Add component (AddParameter): Name = "Value"; Value = "100 pF"; VariantName = "[No Variations]"
Add component (AddParameter): Name = "VDC"; Value = "20 V"; VariantName = "[No Variations]"
Added Component: Designator=C16(CAPC100X50X55L20N)
Add component. Clean all parameters for all variants
Add component (AddParameter): Name = "Dielectric"; Value = ""; VariantName = "[No Variations]"
Add component (AddParameter): Name = "Manufacturer"; Value = ""; VariantName = "[No Variations]"
Add component (AddParameter): Name = "Package"; Value = "0402"; VariantName = "[No Variations]"
Add component (AddParameter): Name = "PartNumber"; Value = ""; VariantName = "[No Variations]"
Add component (AddParameter): Name = "Tolerance"; Value = "5 %"; VariantName = "[No Variations]"
Add component (AddParameter): Name = "Value"; Value = "1000 pF"; VariantName = "[No Variations]"
Add component (AddParameter): Name = "VDC"; Value = "20 V"; VariantName = "[No Variations]"
Added Component: Designator=C17(CAPC160X80X90L30N)
Add component. Clean all parameters for all variants
Add component (AddParameter): Name = "Dielectric"; Value = ""; VariantName = "[No Variations]"
Add component (AddParameter): Name = "Manufacturer"; Value = ""; VariantName = "[No Variations]"
Add component (AddParameter): Name = "Package"; Value = "0603"; VariantName = "[No Variations]"
Add component (AddParameter): Name = "PartNumber"; Value = ""; VariantName = "[No Variations]"
Add component (AddParameter): Name = "Tolerance"; Value = "5 %"; VariantName = "[No Variations]"
Add component (AddParameter): Name = "Value"; Value = "2.2 uF"; VariantName = "[No Variations]"
Add component (AddParameter): Name = "VDC"; Value = "20 V"; VariantName = "[No Variations]"
Added Component: Designator=C18(CAPC100X50X55L20N)
Add component. Clean all parameters for all variants
Add component (AddParameter): Name = "Dielectric"; Value = ""; VariantName = "[No Variations]"
Add component (AddParameter): Name = "Manufacturer"; Value = ""; VariantName = "[No Variations]"
Add component (AddParameter): Name = "Package"; Value = "0402"; VariantName = "[No Variations]"
Add component (AddParameter): Name = "PartNumber"; Value = ""; VariantName = "[No Variations]"
Add component (AddParameter): Name = "Tolerance"; Value = "5 %"; VariantName = "[No Variations]"
Add component (AddParameter): Name = "Value"; Value = "100 pF"; VariantName = "[No Variations]"
Add component (AddParameter): Name = "VDC"; Value = "20 V"; VariantName = "[No Variations]"
Added Component: Designator=C19(CAPC100X50X55L20N)
Add component. Clean all parameters for all variants
Add component (AddParameter): Name = "Dielectric"; Value = ""; VariantName = "[No Variations]"
Add component (AddParameter): Name = "Manufacturer"; Value = ""; VariantName = "[No Variations]"
Add component (AddParameter): Name = "Package"; Value = "0402"; VariantName = "[No Variations]"
Add component (AddParameter): Name = "PartNumber"; Value = ""; VariantName = "[No Variations]"
Add component (AddParameter): Name = "Tolerance"; Value = "5 %"; VariantName = "[No Variations]"
Add component (AddParameter): Name = "Value"; Value = "1000 pF"; VariantName = "[No Variations]"
Add component (AddParameter): Name = "VDC"; Value = "20 V"; VariantName = "[No Variations]"
Added Component: Designator=C20(CAPC160X80X90L30N)
Add component. Clean all parameters for all variants
Add component (AddParameter): Name = "Dielectric"; Value = ""; VariantName = "[No Variations]"
Add component (AddParameter): Name = "Manufacturer"; Value = ""; VariantName = "[No Variations]"
Add component (AddParameter): Name = "Package"; Value = "0603"; VariantName = "[No Variations]"
Add component (AddParameter): Name = "PartNumber"; Value = ""; VariantName = "[No Variations]"
Add component (AddParameter): Name = "Tolerance"; Value = "5 %"; VariantName = "[No Variations]"
Add component (AddParameter): Name = "Value"; Value = "2.2 uF"; VariantName = "[No Variations]"
Add component (AddParameter): Name = "VDC"; Value = "20 V"; VariantName = "[No Variations]"
Added Component: Designator=C21(CAPC100X50X55L20N)
Add component. Clean all parameters for all variants
Add component (AddParameter): Name = "Dielectric"; Value = ""; VariantName = "[No Variations]"
Add component (AddParameter): Name = "Manufacturer"; Value = ""; VariantName = "[No Variations]"
Add component (AddParameter): Name = "Package"; Value = "0402"; VariantName = "[No Variations]"
Add component (AddParameter): Name = "PartNumber"; Value = ""; VariantName = "[No Variations]"
Add component (AddParameter): Name = "Tolerance"; Value = "5 %"; VariantName = "[No Variations]"
Add component (AddParameter): Name = "Value"; Value = "100 pF"; VariantName = "[No Variations]"
Add component (AddParameter): Name = "VDC"; Value = "20 V"; VariantName = "[No Variations]"
Added Component: Designator=C22(CAPC100X50X55L20N)
Add component. Clean all parameters for all variants
Add component (AddParameter): Name = "Dielectric"; Value = ""; VariantName = "[No Variations]"
Add component (AddParameter): Name = "Manufacturer"; Value = ""; VariantName = "[No Variations]"
Add component (AddParameter): Name = "Package"; Value = "0402"; VariantName = "[No Variations]"
Add component (AddParameter): Name = "PartNumber"; Value = ""; VariantName = "[No Variations]"
Add component (AddParameter): Name = "Tolerance"; Value = "5 %"; VariantName = "[No Variations]"
Add component (AddParameter): Name = "Value"; Value = "1000 pF"; VariantName = "[No Variations]"
Add component (AddParameter): Name = "VDC"; Value = "20 V"; VariantName = "[No Variations]"
Added Component: Designator=C23(CAPC160X80X90L30N)
Add component. Clean all parameters for all variants
Add component (AddParameter): Name = "Dielectric"; Value = ""; VariantName = "[No Variations]"
Add component (AddParameter): Name = "Manufacturer"; Value = ""; VariantName = "[No Variations]"
Add component (AddParameter): Name = "Package"; Value = "0603"; VariantName = "[No Variations]"
Add component (AddParameter): Name = "PartNumber"; Value = ""; VariantName = "[No Variations]"
Add component (AddParameter): Name = "Tolerance"; Value = "5 %"; VariantName = "[No Variations]"
Add component (AddParameter): Name = "Value"; Value = "2.2 uF"; VariantName = "[No Variations]"
Add component (AddParameter): Name = "VDC"; Value = "20 V"; VariantName = "[No Variations]"
Added Component: Designator=C24(CAPC100X50X55L20N)
Add component. Clean all parameters for all variants
Add component (AddParameter): Name = "Dielectric"; Value = ""; VariantName = "[No Variations]"
Add component (AddParameter): Name = "Manufacturer"; Value = ""; VariantName = "[No Variations]"
Add component (AddParameter): Name = "Package"; Value = "0402"; VariantName = "[No Variations]"
Add component (AddParameter): Name = "PartNumber"; Value = ""; VariantName = "[No Variations]"
Add component (AddParameter): Name = "Tolerance"; Value = "5 %"; VariantName = "[No Variations]"
Add component (AddParameter): Name = "Value"; Value = "1000 pF"; VariantName = "[No Variations]"
Add component (AddParameter): Name = "VDC"; Value = "20 V"; VariantName = "[No Variations]"
Added Component: Designator=C25(CAPC100X50X55L20N)
Add component. Clean all parameters for all variants
Add component (AddParameter): Name = "Dielectric"; Value = ""; VariantName = "[No Variations]"
Add component (AddParameter): Name = "Manufacturer"; Value = ""; VariantName = "[No Variations]"
Add component (AddParameter): Name = "Package"; Value = "0402"; VariantName = "[No Variations]"
Add component (AddParameter): Name = "PartNumber"; Value = ""; VariantName = "[No Variations]"
Add component (AddParameter): Name = "Tolerance"; Value = "5 %"; VariantName = "[No Variations]"
Add component (AddParameter): Name = "Value"; Value = "100 pF"; VariantName = "[No Variations]"
Add component (AddParameter): Name = "VDC"; Value = "20 V"; VariantName = "[No Variations]"
Added Component: Designator=C26(CAPC100X50X55L20N)
Add component. Clean all parameters for all variants
Add component (AddParameter): Name = "Dielectric"; Value = ""; VariantName = "[No Variations]"
Add component (AddParameter): Name = "Manufacturer"; Value = ""; VariantName = "[No Variations]"
Add component (AddParameter): Name = "Package"; Value = "0402"; VariantName = "[No Variations]"
Add component (AddParameter): Name = "PartNumber"; Value = ""; VariantName = "[No Variations]"
Add component (AddParameter): Name = "Tolerance"; Value = "5 %"; VariantName = "[No Variations]"
Add component (AddParameter): Name = "Value"; Value = "10 uF"; VariantName = "[No Variations]"
Add component (AddParameter): Name = "VDC"; Value = "20 V"; VariantName = "[No Variations]"
Added Component: Designator=C27(CAPC100X50X55L20N)
Add component. Clean all parameters for all variants
Add component (AddParameter): Name = "Dielectric"; Value = ""; VariantName = "[No Variations]"
Add component (AddParameter): Name = "Manufacturer"; Value = ""; VariantName = "[No Variations]"
Add component (AddParameter): Name = "Package"; Value = "0402"; VariantName = "[No Variations]"
Add component (AddParameter): Name = "PartNumber"; Value = ""; VariantName = "[No Variations]"
Add component (AddParameter): Name = "Tolerance"; Value = "5 %"; VariantName = "[No Variations]"
Add component (AddParameter): Name = "Value"; Value = "10 uF"; VariantName = "[No Variations]"
Add component (AddParameter): Name = "VDC"; Value = "20 V"; VariantName = "[No Variations]"
Added Component: Designator=C28(CAPC100X50X55L20N)
Add component. Clean all parameters for all variants
Add component (AddParameter): Name = "Dielectric"; Value = ""; VariantName = "[No Variations]"
Add component (AddParameter): Name = "Manufacturer"; Value = ""; VariantName = "[No Variations]"
Add component (AddParameter): Name = "Package"; Value = "0402"; VariantName = "[No Variations]"
Add component (AddParameter): Name = "PartNumber"; Value = ""; VariantName = "[No Variations]"
Add component (AddParameter): Name = "Tolerance"; Value = "5 %"; VariantName = "[No Variations]"
Add component (AddParameter): Name = "Value"; Value = "10 uF"; VariantName = "[No Variations]"
Add component (AddParameter): Name = "VDC"; Value = "20 V"; VariantName = "[No Variations]"
Added Component: Designator=C29(CAPC100X50X55L20N)
Add component. Clean all parameters for all variants
Add component (AddParameter): Name = "Dielectric"; Value = ""; VariantName = "[No Variations]"
Add component (AddParameter): Name = "Manufacturer"; Value = ""; VariantName = "[No Variations]"
Add component (AddParameter): Name = "Package"; Value = "0402"; VariantName = "[No Variations]"
Add component (AddParameter): Name = "PartNumber"; Value = ""; VariantName = "[No Variations]"
Add component (AddParameter): Name = "Tolerance"; Value = "5 %"; VariantName = "[No Variations]"
Add component (AddParameter): Name = "Value"; Value = "10 uF"; VariantName = "[No Variations]"
Add component (AddParameter): Name = "VDC"; Value = "20 V"; VariantName = "[No Variations]"
Added Component: Designator=C30(CAPC100X50X55L20N)
Add component. Clean all parameters for all variants
Add component (AddParameter): Name = "Dielectric"; Value = ""; VariantName = "[No Variations]"
Add component (AddParameter): Name = "Manufacturer"; Value = ""; VariantName = "[No Variations]"
Add component (AddParameter): Name = "Package"; Value = "0402"; VariantName = "[No Variations]"
Add component (AddParameter): Name = "PartNumber"; Value = ""; VariantName = "[No Variations]"
Add component (AddParameter): Name = "Tolerance"; Value = "5 %"; VariantName = "[No Variations]"
Add component (AddParameter): Name = "Value"; Value = "4.7 uF"; VariantName = "[No Variations]"
Add component (AddParameter): Name = "VDC"; Value = "20 V"; VariantName = "[No Variations]"
Added Component: Designator=C31(CAPC100X50X55L20N)
Add component. Clean all parameters for all variants
Add component (AddParameter): Name = "Dielectric"; Value = ""; VariantName = "[No Variations]"
Add component (AddParameter): Name = "Manufacturer"; Value = ""; VariantName = "[No Variations]"
Add component (AddParameter): Name = "Package"; Value = "0402"; VariantName = "[No Variations]"
Add component (AddParameter): Name = "PartNumber"; Value = ""; VariantName = "[No Variations]"
Add component (AddParameter): Name = "Tolerance"; Value = "5 %"; VariantName = "[No Variations]"
Add component (AddParameter): Name = "Value"; Value = "10 pF"; VariantName = "[No Variations]"
Add component (AddParameter): Name = "VDC"; Value = "20 V"; VariantName = "[No Variations]"
Added Component: Designator=C32(CAPC100X50X55L20N)
Add component. Clean all parameters for all variants
Add component (AddParameter): Name = "Dielectric"; Value = ""; VariantName = "[No Variations]"
Add component (AddParameter): Name = "Manufacturer"; Value = ""; VariantName = "[No Variations]"
Add component (AddParameter): Name = "Package"; Value = "0402"; VariantName = "[No Variations]"
Add component (AddParameter): Name = "PartNumber"; Value = ""; VariantName = "[No Variations]"
Add component (AddParameter): Name = "Tolerance"; Value = "5 %"; VariantName = "[No Variations]"
Add component (AddParameter): Name = "Value"; Value = "100 pF"; VariantName = "[No Variations]"
Add component (AddParameter): Name = "VDC"; Value = "20 V"; VariantName = "[No Variations]"
Added Component: Designator=C33(CAPC100X50X55L20N)
Add component. Clean all parameters for all variants
Add component (AddParameter): Name = "Dielectric"; Value = ""; VariantName = "[No Variations]"
Add component (AddParameter): Name = "Manufacturer"; Value = ""; VariantName = "[No Variations]"
Add component (AddParameter): Name = "Package"; Value = "0402"; VariantName = "[No Variations]"
Add component (AddParameter): Name = "PartNumber"; Value = ""; VariantName = "[No Variations]"
Add component (AddParameter): Name = "Tolerance"; Value = "5 %"; VariantName = "[No Variations]"
Add component (AddParameter): Name = "Value"; Value = "4.7 uF"; VariantName = "[No Variations]"
Add component (AddParameter): Name = "VDC"; Value = "20 V"; VariantName = "[No Variations]"
Added Component: Designator=C34(CAPC100X50X55L20N)
Add component. Clean all parameters for all variants
Add component (AddParameter): Name = "Dielectric"; Value = ""; VariantName = "[No Variations]"
Add component (AddParameter): Name = "Manufacturer"; Value = ""; VariantName = "[No Variations]"
Add component (AddParameter): Name = "Package"; Value = "0402"; VariantName = "[No Variations]"
Add component (AddParameter): Name = "PartNumber"; Value = ""; VariantName = "[No Variations]"
Add component (AddParameter): Name = "Tolerance"; Value = "5 %"; VariantName = "[No Variations]"
Add component (AddParameter): Name = "Value"; Value = "4.7 uF"; VariantName = "[No Variations]"
Add component (AddParameter): Name = "VDC"; Value = "20 V"; VariantName = "[No Variations]"
Added Component: Designator=C35(CAPC100X50X55L20N)
Add component. Clean all parameters for all variants
Add component (AddParameter): Name = "Dielectric"; Value = ""; VariantName = "[No Variations]"
Add component (AddParameter): Name = "Manufacturer"; Value = ""; VariantName = "[No Variations]"
Add component (AddParameter): Name = "Package"; Value = "0402"; VariantName = "[No Variations]"
Add component (AddParameter): Name = "PartNumber"; Value = ""; VariantName = "[No Variations]"
Add component (AddParameter): Name = "Tolerance"; Value = "5 %"; VariantName = "[No Variations]"
Add component (AddParameter): Name = "Value"; Value = "10 pF"; VariantName = "[No Variations]"
Add component (AddParameter): Name = "VDC"; Value = "20 V"; VariantName = "[No Variations]"
Added Component: Designator=C36(CAPC100X50X55L20N)
Add component. Clean all parameters for all variants
Add component (AddParameter): Name = "Dielectric"; Value = ""; VariantName = "[No Variations]"
Add component (AddParameter): Name = "Manufacturer"; Value = ""; VariantName = "[No Variations]"
Add component (AddParameter): Name = "Package"; Value = "0402"; VariantName = "[No Variations]"
Add component (AddParameter): Name = "PartNumber"; Value = ""; VariantName = "[No Variations]"
Add component (AddParameter): Name = "Tolerance"; Value = "5 %"; VariantName = "[No Variations]"
Add component (AddParameter): Name = "Value"; Value = "10 pF"; VariantName = "[No Variations]"
Add component (AddParameter): Name = "VDC"; Value = "20 V"; VariantName = "[No Variations]"
Added Component: Designator=C37(CAPC100X50X55L20N)
Add component. Clean all parameters for all variants
Add component (AddParameter): Name = "Dielectric"; Value = ""; VariantName = "[No Variations]"
Add component (AddParameter): Name = "Manufacturer"; Value = ""; VariantName = "[No Variations]"
Add component (AddParameter): Name = "Package"; Value = "0402"; VariantName = "[No Variations]"
Add component (AddParameter): Name = "PartNumber"; Value = ""; VariantName = "[No Variations]"
Add component (AddParameter): Name = "Tolerance"; Value = "5 %"; VariantName = "[No Variations]"
Add component (AddParameter): Name = "Value"; Value = "100 pF"; VariantName = "[No Variations]"
Add component (AddParameter): Name = "VDC"; Value = "20 V"; VariantName = "[No Variations]"
Added Component: Designator=C38(CAPC100X50X55L20N)
Add component. Clean all parameters for all variants
Add component (AddParameter): Name = "Dielectric"; Value = ""; VariantName = "[No Variations]"
Add component (AddParameter): Name = "Manufacturer"; Value = ""; VariantName = "[No Variations]"
Add component (AddParameter): Name = "Package"; Value = "0402"; VariantName = "[No Variations]"
Add component (AddParameter): Name = "PartNumber"; Value = ""; VariantName = "[No Variations]"
Add component (AddParameter): Name = "Tolerance"; Value = "5 %"; VariantName = "[No Variations]"
Add component (AddParameter): Name = "Value"; Value = "100 pF"; VariantName = "[No Variations]"
Add component (AddParameter): Name = "VDC"; Value = "20 V"; VariantName = "[No Variations]"
Added Component: Designator=DA1(QFN17P50_300X300X90L40X25T170N)
Add component. Clean all parameters for all variants
Add component (AddParameter): Name = "ClassName"; Value = "RFCons"; VariantName = "[No Variations]"
Add component (AddParameter): Name = "ComponentLink1Description"; Value = "Component page"; VariantName = "[No Variations]"
Add component (AddParameter): Name = "ComponentLink1URL"; Value = "https://www.analog.com/en/products/hmc902lp3e.html"; VariantName = "[No Variations]"
Add component (AddParameter): Name = "Manufacturer"; Value = "Analog Devices"; VariantName = "[No Variations]"
Add component (AddParameter): Name = "PartNumber"; Value = "HMC902LP3"; VariantName = "[No Variations]"
Added Component: Designator=DA2(PQFN25P50_390X390X100L32X30T250N)
Add component. Clean all parameters for all variants
Add component (AddParameter): Name = "ClassName"; Value = "RFCons"; VariantName = "[No Variations]"
Add component (AddParameter): Name = "ComponentLink1Description"; Value = "Component page"; VariantName = "[No Variations]"
Add component (AddParameter): Name = "ComponentLink1URL"; Value = "https://www.analog.com/en/products/hmc633lc4.html"; VariantName = "[No Variations]"
Add component (AddParameter): Name = "Manufacturer"; Value = "Analog Devices"; VariantName = "[No Variations]"
Add component (AddParameter): Name = "PartNumber"; Value = "HMC633LC4"; VariantName = "[No Variations]"
Added Component: Designator=DA4(SOIC127P600X160-8N)
Add component. Clean all parameters for all variants
Add component (AddParameter): Name = "Manufacturer"; Value = "Microchip"; VariantName = "[No Variations]"
Add component (AddParameter): Name = "PartNumber"; Value = "MIC39102"; VariantName = "[No Variations]"
Added Component: Designator=R1(RESC100X50X40L25N)
Add component. Clean all parameters for all variants
Add component (AddParameter): Name = "DCV"; Value = ""; VariantName = "[No Variations]"
Add component (AddParameter): Name = "Manufacturer"; Value = ""; VariantName = "[No Variations]"
Add component (AddParameter): Name = "Package"; Value = "0402"; VariantName = "[No Variations]"
Add component (AddParameter): Name = "PartNumber"; Value = ""; VariantName = "[No Variations]"
Add component (AddParameter): Name = "Power"; Value = ""; VariantName = "[No Variations]"
Add component (AddParameter): Name = "Tolerance"; Value = ""; VariantName = "[No Variations]"
Add component (AddParameter): Name = "Value"; Value = "330 k"; VariantName = "[No Variations]"
Added Component: Designator=R2(RESC100X50X40L25N)
Add component. Clean all parameters for all variants
Add component (AddParameter): Name = "DCV"; Value = ""; VariantName = "[No Variations]"
Add component (AddParameter): Name = "Manufacturer"; Value = ""; VariantName = "[No Variations]"
Add component (AddParameter): Name = "Package"; Value = "0402"; VariantName = "[No Variations]"
Add component (AddParameter): Name = "PartNumber"; Value = ""; VariantName = "[No Variations]"
Add component (AddParameter): Name = "Power"; Value = "20 V"; VariantName = "[No Variations]"
Add component (AddParameter): Name = "Tolerance"; Value = "5 %"; VariantName = "[No Variations]"
Add component (AddParameter): Name = "Value"; Value = "1 M"; VariantName = "[No Variations]"
Added Component: Designator=W1(Filter)
Add component. Clean all parameters for all variants
Added Component: Designator=W2(Filter)
Add component. Clean all parameters for all variants
Added Component: Designator=XP1(HDRV2W64P254_1X2_254X508H884)
Add component. Clean all parameters for all variants
Add component (AddParameter): Name = "Manufacturer"; Value = ""; VariantName = "[No Variations]"
Add component (AddParameter): Name = "Net1"; Value = "+12 V"; VariantName = "[No Variations]"
Add component (AddParameter): Name = "Net2"; Value = "GND"; VariantName = "[No Variations]"
Add component (AddParameter): Name = "PartNumber"; Value = "PLD-2 2x1"; VariantName = "[No Variations]"
Added Pin To Net: NetName=GND Pin=C1-1
Added Pin To Net: NetName=+3.5V Pin=C1-2
Added Pin To Net: NetName=GND Pin=C2-1
Added Pin To Net: NetName=+3.5V Pin=C2-2
Added Pin To Net: NetName=GND Pin=C3-1
Added Pin To Net: NetName=+3.5V Pin=C3-2
Added Pin To Net: NetName=GND Pin=C4-1
Added Pin To Net: NetName=+3.5V Pin=C4-2
Added Pin To Net: NetName=GND Pin=C5-1
Added Pin To Net: NetName=NetC5_2 Pin=C5-2
Added Pin To Net: NetName=GND Pin=C6-1
Added Pin To Net: NetName=+3.5V Pin=C6-2
Added Pin To Net: NetName=GND Pin=C7-1
Added Pin To Net: NetName=+3.5V Pin=C7-2
Added Pin To Net: NetName=GND Pin=C8-1
Added Pin To Net: NetName=NetC8_2 Pin=C8-2
Added Pin To Net: NetName=GND Pin=C9-1
Added Pin To Net: NetName=GND Pin=C9-2
Added Pin To Net: NetName=GND Pin=C10-1
Added Pin To Net: NetName=GND Pin=C10-2
Added Pin To Net: NetName=GND Pin=C11-1
Added Pin To Net: NetName=+5V Pin=C11-2
Added Pin To Net: NetName=GND Pin=C12-1
Added Pin To Net: NetName=+5V Pin=C12-2
Added Pin To Net: NetName=GND Pin=C13-1
Added Pin To Net: NetName=+5V Pin=C13-2
Added Pin To Net: NetName=GND Pin=C14-1
Added Pin To Net: NetName=GND Pin=C14-2
Added Pin To Net: NetName=GND Pin=C15-1
Added Pin To Net: NetName=+5V Pin=C15-2
Added Pin To Net: NetName=GND Pin=C16-1
Added Pin To Net: NetName=+5V Pin=C16-2
Added Pin To Net: NetName=GND Pin=C17-1
Added Pin To Net: NetName=+5V Pin=C17-2
Added Pin To Net: NetName=GND Pin=C18-1
Added Pin To Net: NetName=+5V Pin=C18-2
Added Pin To Net: NetName=GND Pin=C19-1
Added Pin To Net: NetName=+5V Pin=C19-2
Added Pin To Net: NetName=GND Pin=C20-1
Added Pin To Net: NetName=+5V Pin=C20-2
Added Pin To Net: NetName=GND Pin=C21-1
Added Pin To Net: NetName=+5V Pin=C21-2
Added Pin To Net: NetName=GND Pin=C22-1
Added Pin To Net: NetName=+5V Pin=C22-2
Added Pin To Net: NetName=GND Pin=C23-1
Added Pin To Net: NetName=+5V Pin=C23-2
Added Pin To Net: NetName=GND Pin=C24-1
Added Pin To Net: NetName=+5V REF Pin=C24-2
Added Pin To Net: NetName=GND Pin=C25-1
Added Pin To Net: NetName=+5V REF Pin=C25-2
Added Pin To Net: NetName=GND Pin=C26-1
Added Pin To Net: NetName=+12 V Pin=C26-2
Added Pin To Net: NetName=GND Pin=C27-1
Added Pin To Net: NetName=GND Pin=C28-1
Added Pin To Net: NetName=+3.5V Pin=C28-2
Added Pin To Net: NetName=GND Pin=C29-1
Added Pin To Net: NetName=+5V Pin=C29-2
Added Pin To Net: NetName=GND Pin=C30-1
Added Pin To Net: NetName=+3.5V Pin=C30-2
Added Pin To Net: NetName=GND Pin=C31-1
Added Pin To Net: NetName=+3.5V Pin=C31-2
Added Pin To Net: NetName=GND Pin=C32-1
Added Pin To Net: NetName=+3.5V Pin=C32-2
Added Pin To Net: NetName=GND Pin=C33-1
Added Pin To Net: NetName=+3.5V Pin=C33-2
Added Pin To Net: NetName=GND Pin=C34-1
Added Pin To Net: NetName=+3.5V Pin=C34-2
Added Pin To Net: NetName=GND Pin=C35-1
Added Pin To Net: NetName=+3.5V Pin=C35-2
Added Pin To Net: NetName=GND Pin=C36-1
Added Pin To Net: NetName=+3.5V Pin=C36-2
Added Pin To Net: NetName=GND Pin=C37-1
Added Pin To Net: NetName=+3.5V Pin=C37-2
Added Pin To Net: NetName=GND Pin=C38-1
Added Pin To Net: NetName=+3.5V Pin=C38-2
Added Pin To Net: NetName=GND Pin=DA1-1
Added Pin To Net: NetName=GND Pin=DA1-2
Added Pin To Net: NetName=LNA1 RF IN Pin=DA1-3
Added Pin To Net: NetName=GND Pin=DA1-4
Added Pin To Net: NetName=GND Pin=DA1-5
Added Pin To Net: NetName=NetC5_2 Pin=DA1-6
Added Pin To Net: NetName=NetC8_2 Pin=DA1-7
Added Pin To Net: NetName=GND Pin=DA1-8
Added Pin To Net: NetName=GND Pin=DA1-9
Added Pin To Net: NetName=LNA1 RF OUT Pin=DA1-10
Added Pin To Net: NetName=GND Pin=DA1-11
Added Pin To Net: NetName=GND Pin=DA1-12
Added Pin To Net: NetName=GND Pin=DA1-13
Added Pin To Net: NetName=+3.5V Pin=DA1-14
Added Pin To Net: NetName=+3.5V Pin=DA1-15
Added Pin To Net: NetName=GND Pin=DA1-16
Added Pin To Net: NetName=GND Pin=DA1-17
Added Pin To Net: NetName=GND Pin=DA2-1
Added Pin To Net: NetName=GND Pin=DA2-2
Added Pin To Net: NetName=LNA2 RF IN Pin=DA2-3
Added Pin To Net: NetName=GND Pin=DA2-4
Added Pin To Net: NetName=GND Pin=DA2-5
Added Pin To Net: NetName=GND Pin=DA2-6
Added Pin To Net: NetName=GND Pin=DA2-7
Added Pin To Net: NetName=GND Pin=DA2-8
Added Pin To Net: NetName=GND Pin=DA2-9
Added Pin To Net: NetName=GND Pin=DA2-10
Added Pin To Net: NetName=GND Pin=DA2-11
Added Pin To Net: NetName=GND Pin=DA2-12
Added Pin To Net: NetName=GND Pin=DA2-13
Added Pin To Net: NetName=GND Pin=DA2-14
Added Pin To Net: NetName=GND Pin=DA2-15
Added Pin To Net: NetName=LNA2 RF OUT Pin=DA2-16
Added Pin To Net: NetName=GND Pin=DA2-17
Added Pin To Net: NetName=GND Pin=DA2-18
Added Pin To Net: NetName=+5V Pin=DA2-19
Added Pin To Net: NetName=+5V Pin=DA2-20
Added Pin To Net: NetName=+5V Pin=DA2-22
Added Pin To Net: NetName=+5V Pin=DA2-24
Added Pin To Net: NetName=GND Pin=DA2-25
Added Pin To Net: NetName=+12 V Pin=DA4-1
Added Pin To Net: NetName=+12 V Pin=DA4-2
Added Pin To Net: NetName=+5V Pin=DA4-3
Added Pin To Net: NetName=NetDA4_4 Pin=DA4-4
Added Pin To Net: NetName=GND Pin=DA4-5
Added Pin To Net: NetName=GND Pin=DA4-6
Added Pin To Net: NetName=GND Pin=DA4-7
Added Pin To Net: NetName=GND Pin=DA4-8
Added Pin To Net: NetName=NetDA4_4 Pin=R1-1
Added Pin To Net: NetName=+5V Pin=R1-2
Added Pin To Net: NetName=GND Pin=R2-1
Added Pin To Net: NetName=NetDA4_4 Pin=R2-2
Added Pin To Net: NetName=NetW1_1 Pin=W1-1
Added Pin To Net: NetName=NetW1_2 Pin=W1-2
Added Pin To Net: NetName=NetW2_1 Pin=W2-1
Added Pin To Net: NetName=NetW2_2 Pin=W2-2
Added Pin To Net: NetName=NetXP1_1 Pin=XP1-1
Added Pin To Net: NetName=GND Pin=XP1-2
Added Pin To Net: NetName=NetC27_2 Pin=C27-2
Added Net: Name=NetC27_2
Added Member To Class: ClassName=ÌÏÑÓ-46342.21-004 Ý3 Ëèñò2 Member=Component C1 4.7 uF
Added Member To Class: ClassName=ÌÏÑÓ-46342.21-004 Ý3 Ëèñò2 Member=Component C2 4.7 uF
Added Member To Class: ClassName=ÌÏÑÓ-46342.21-004 Ý3 Ëèñò2 Member=Component C3 10 pF
Added Member To Class: ClassName=ÌÏÑÓ-46342.21-004 Ý3 Ëèñò2 Member=Component C4 10 pF
Added Member To Class: ClassName=ÌÏÑÓ-46342.21-004 Ý3 Ëèñò2 Member=Component C5 100 pF
Added Member To Class: ClassName=ÌÏÑÓ-46342.21-004 Ý3 Ëèñò2 Member=Component C6 100 pF
Added Member To Class: ClassName=ÌÏÑÓ-46342.21-004 Ý3 Ëèñò2 Member=Component C7 100 pF
Added Member To Class: ClassName=ÌÏÑÓ-46342.21-004 Ý3 Ëèñò2 Member=Component C8 100 pF
Added Member To Class: ClassName=ÌÏÑÓ-46342.21-004 Ý3 Ëèñò3 Member=Component C9 2.2 uF
Added Member To Class: ClassName=ÌÏÑÓ-46342.21-004 Ý3 Ëèñò3 Member=Component C10 1000 pF
Added Member To Class: ClassName=ÌÏÑÓ-46342.21-004 Ý3 Ëèñò3 Member=Component C11 100 pF
Added Member To Class: ClassName=ÌÏÑÓ-46342.21-004 Ý3 Ëèñò3 Member=Component C12 1000 pF
Added Member To Class: ClassName=ÌÏÑÓ-46342.21-004 Ý3 Ëèñò3 Member=Component C13 2.2 uF
Added Member To Class: ClassName=ÌÏÑÓ-46342.21-004 Ý3 Ëèñò3 Member=Component C14 100 pF
Added Member To Class: ClassName=ÌÏÑÓ-46342.21-004 Ý3 Ëèñò3 Member=Component C15 100 pF
Added Member To Class: ClassName=ÌÏÑÓ-46342.21-004 Ý3 Ëèñò3 Member=Component C16 1000 pF
Added Member To Class: ClassName=ÌÏÑÓ-46342.21-004 Ý3 Ëèñò3 Member=Component C17 2.2 uF
Added Member To Class: ClassName=ÌÏÑÓ-46342.21-004 Ý3 Ëèñò3 Member=Component C18 100 pF
Added Member To Class: ClassName=ÌÏÑÓ-46342.21-004 Ý3 Ëèñò3 Member=Component C19 1000 pF
Added Member To Class: ClassName=ÌÏÑÓ-46342.21-004 Ý3 Ëèñò3 Member=Component C20 2.2 uF
Added Member To Class: ClassName=ÌÏÑÓ-46342.21-004 Ý3 Ëèñò3 Member=Component C21 100 pF
Added Member To Class: ClassName=ÌÏÑÓ-46342.21-004 Ý3 Ëèñò3 Member=Component C22 1000 pF
Added Member To Class: ClassName=ÌÏÑÓ-46342.21-004 Ý3 Ëèñò3 Member=Component C23 2.2 uF
Added Member To Class: ClassName=ÌÏÑÓ-46342.21-004 Ý3 Ëèñò4 Member=Component C24 1000 pF
Added Member To Class: ClassName=ÌÏÑÓ-46342.21-004 Ý3 Ëèñò4 Member=Component C25 100 pF
Added Member To Class: ClassName=ÌÏÑÓ-46342.21-004 Ý3 Ëèñò5 Member=Component C26 10 uF
Added Member To Class: ClassName=ÌÏÑÓ-46342.21-004 Ý3 Ëèñò5 Member=Component C27 10 uF
Added Member To Class: ClassName=ÌÏÑÓ-46342.21-004 Ý3 Ëèñò5 Member=Component C28 10 uF
Added Member To Class: ClassName=ÌÏÑÓ-46342.21-004 Ý3 Ëèñò5 Member=Component C29 10 uF
Added Member To Class: ClassName=ÌÏÑÓ-46342.21-004 Ý3 Ëèñò6 Member=Component C30 4.7 uF
Added Member To Class: ClassName=ÌÏÑÓ-46342.21-004 Ý3 Ëèñò6 Member=Component C31 10 pF
Added Member To Class: ClassName=ÌÏÑÓ-46342.21-004 Ý3 Ëèñò6 Member=Component C32 100 pF
Added Member To Class: ClassName=ÌÏÑÓ-46342.21-004 Ý3 Ëèñò6 Member=Component C33 4.7 uF
Added Member To Class: ClassName=ÌÏÑÓ-46342.21-004 Ý3 Ëèñò6 Member=Component C34 4.7 uF
Added Member To Class: ClassName=ÌÏÑÓ-46342.21-004 Ý3 Ëèñò6 Member=Component C35 10 pF
Added Member To Class: ClassName=ÌÏÑÓ-46342.21-004 Ý3 Ëèñò6 Member=Component C36 10 pF
Added Member To Class: ClassName=ÌÏÑÓ-46342.21-004 Ý3 Ëèñò6 Member=Component C37 100 pF
Added Member To Class: ClassName=ÌÏÑÓ-46342.21-004 Ý3 Ëèñò6 Member=Component C38 100 pF
Added Member To Class: ClassName=RFCons Member=Component DA1 HMC902LP3
Added Member To Class: ClassName=ÌÏÑÓ-46342.21-004 Ý3 Ëèñò2 Member=Component DA1 HMC902LP3
Added Member To Class: ClassName=RFCons Member=Component DA2 HMC633LC4
Added Member To Class: ClassName=ÌÏÑÓ-46342.21-004 Ý3 Ëèñò3 Member=Component DA2 HMC633LC4
Added Member To Class: ClassName=ÌÏÑÓ-46342.21-004 Ý3 Ëèñò5 Member=Component DA4 MIC39102
Added Member To Class: ClassName=ÌÏÑÓ-46342.21-004 Ý3 Ëèñò5 Member=Component R1 330 k
Added Member To Class: ClassName=ÌÏÑÓ-46342.21-004 Ý3 Ëèñò5 Member=Component R2 1 M
Added Member To Class: ClassName=ÌÏÑÓ-46342.21-004 Ý3 Ëèñò1 Member=Component W1 Filter
Added Member To Class: ClassName=ÌÏÑÓ-46342.21-004 Ý3 Ëèñò1 Member=Component W2 Filter
Added Member To Class: ClassName=ÌÏÑÓ-46342.21-004 Ý3 Ëèñò1 Member=Component XP1 PLD-2 2x1
